<?xml version="1.0" encoding="UTF-8"?>
<!-- Generated by org.testng.reporters.JUnitReportReporter -->
<testsuite hostname="SANKET-ZenBook" failures="0" tests="1" name="com.inetBanking.testCases.TC_LoginTest_001" time="0.960" errors="0" timestamp="2024-01-19T20:31:49 IST" skipped="0">
  <testcase classname="com.inetBanking.testCases.TC_LoginTest_001" name="LoginTest" time="0.960"/>
  <system-out/>
</testsuite> <!-- com.inetBanking.testCases.TC_LoginTest_001 -->
